<?xml version="1.0" encoding="UTF-8"?>
<!-- Generated by org.testng.reporters.JUnitReportReporter -->
<testsuite hostname="LAPTOP-VRS9433I" failures="0" tests="2" name="com.lufthanza.test.WelcomePageTest" time="28.417" errors="0" timestamp="17 Mar 2021 08:06:16 GMT">
  <testcase classname="com.lufthanza.test.WelcomePageTest" name="CheckLoginPageTitle" time="8.417"/>
  <testcase classname="com.lufthanza.test.WelcomePageTest" name="AcceptTerms" time="20.000"/>
</testsuite> <!-- com.lufthanza.test.WelcomePageTest -->
