<?xml version="1.0" encoding="UTF-8"?>
<!-- Generated by org.testng.reporters.JUnitReportReporter -->
<testsuite hostname="LAPTOP-VRS9433I" failures="0" tests="1" name="com.lufthanza.test.LoginPageTest" time="20.917" errors="0" timestamp="17 Mar 2021 10:15:43 GMT">
  <testcase classname="com.lufthanza.test.LoginPageTest" name="Login" time="20.917"/>
</testsuite> <!-- com.lufthanza.test.LoginPageTest -->
