<?xml version="1.0" encoding="UTF-8"?>
<!-- Generated by org.testng.reporters.JUnitReportReporter -->
<testsuite hostname="LAPTOP-VRS9433I" failures="0" tests="2" name="com.lufthansa.test.LoginPageTest" time="20.931" errors="0" timestamp="22 Mar 2021 05:35:07 GMT">
  <testcase classname="com.lufthansa.test.LoginPageTest" name="CheckLoginPageTitle" time="7.652"/>
  <testcase classname="com.lufthansa.test.LoginPageTest" name="Login" time="13.279"/>
</testsuite> <!-- com.lufthansa.test.LoginPageTest -->
